<?xml version="1.0" encoding="UTF-8"?>
<!-- Generated by org.testng.reporters.JUnitXMLReporter -->
<testsuite hostname="Ashwani_Singh" name="Test" tests="3" failures="0" timestamp="13 Aug 2019 16:52:05 GMT" time="247.239" errors="0">
  <testcase name="feature" time="100.043" classname="cucumberOption.TestRunner"/>
  <testcase name="feature" time="86.655" classname="cucumberOption.TestRunner"/>
  <testcase name="feature" time="58.259" classname="cucumberOption.TestRunner"/>
</testsuite> <!-- Test -->
