<?xml version="1.0" encoding="UTF-8"?>
<testng-results skipped="0" failed="0" total="3" passed="3">
  <reporter-output>
  </reporter-output>
  <suite name="Suite" duration-ms="247239" started-at="2019-08-13T16:47:52Z" finished-at="2019-08-13T16:51:59Z">
    <groups>
      <group name="cucumber">
        <method signature="AbstractTestNGCucumberTests.feature(cucumber.api.testng.CucumberFeatureWrapper)[pri:0, instance:cucumberOption.TestRunner@96532d6]" name="feature" class="cucumber.api.testng.AbstractTestNGCucumberTests"/>
      </group> <!-- cucumber -->
    </groups>
    <test name="Test" duration-ms="247239" started-at="2019-08-13T16:47:52Z" finished-at="2019-08-13T16:51:59Z">
      <class name="cucumberOption.TestRunner">
        <test-method status="PASS" signature="setUpClass()[pri:0, instance:cucumberOption.TestRunner@96532d6]" name="setUpClass" is-config="true" duration-ms="453" started-at="2019-08-13T22:17:52Z" finished-at="2019-08-13T22:17:53Z">
          <reporter-output>
          </reporter-output>
        </test-method> <!-- setUpClass -->
        <test-method status="PASS" signature="feature(cucumber.api.testng.CucumberFeatureWrapper)[pri:0, instance:cucumberOption.TestRunner@96532d6]" name="feature" duration-ms="100043" started-at="2019-08-13T22:17:53Z" description="Runs Cucumber Feature" data-provider="features" finished-at="2019-08-13T22:19:33Z">
          <params>
            <param index="0">
              <value>
                <![CDATA[Gmail Login]]>
              </value>
            </param>
          </params>
          <reporter-output>
          </reporter-output>
        </test-method> <!-- feature -->
        <test-method status="PASS" signature="feature(cucumber.api.testng.CucumberFeatureWrapper)[pri:0, instance:cucumberOption.TestRunner@96532d6]" name="feature" duration-ms="86655" started-at="2019-08-13T22:19:33Z" description="Runs Cucumber Feature" data-provider="features" finished-at="2019-08-13T22:20:59Z">
          <params>
            <param index="0">
              <value>
                <![CDATA[Gmail Login]]>
              </value>
            </param>
          </params>
          <reporter-output>
          </reporter-output>
        </test-method> <!-- feature -->
        <test-method status="PASS" signature="feature(cucumber.api.testng.CucumberFeatureWrapper)[pri:0, instance:cucumberOption.TestRunner@96532d6]" name="feature" duration-ms="58259" started-at="2019-08-13T22:20:59Z" description="Runs Cucumber Feature" data-provider="features" finished-at="2019-08-13T22:21:58Z">
          <params>
            <param index="0">
              <value>
                <![CDATA[Gmail Login]]>
              </value>
            </param>
          </params>
          <reporter-output>
          </reporter-output>
        </test-method> <!-- feature -->
        <test-method status="PASS" signature="tearDownClass()[pri:0, instance:cucumberOption.TestRunner@96532d6]" name="tearDownClass" is-config="true" duration-ms="1651" started-at="2019-08-13T22:21:58Z" finished-at="2019-08-13T22:21:59Z">
          <reporter-output>
          </reporter-output>
        </test-method> <!-- tearDownClass -->
      </class> <!-- cucumberOption.TestRunner -->
    </test> <!-- Test -->
  </suite> <!-- Suite -->
</testng-results>
